<?xml version="1.0" encoding="UTF-8"?>
<testng-results ignored="8" total="11" passed="3" failed="0" skipped="0">
  <reporter-output>
  </reporter-output>
  <suite started-at="2023-04-20T08:54:50 IST" name="Suite" finished-at="2023-04-20T08:55:37 IST" duration-ms="47726">
    <groups>
      <group name="smoketest">
        <method signature="CreateCampaignTest.CreateCampaignTest()[pri:0, instance:Campaigns.CreateCampaignTest@1a18644]" name="CreateCampaignTest" class="Campaigns.CreateCampaignTest"/>
      </group> <!-- smoketest -->
    </groups>
    <test started-at="2023-04-20T08:54:50 IST" name="Test" finished-at="2023-04-20T08:55:37 IST" duration-ms="47726">
      <class name="Organization.CreateOraganizationTest">
        <test-method is-config="true" signature="BC()[pri:0, instance:Organization.CreateOraganizationTest@18d87d80]" started-at="2023-04-20T08:55:07 IST" name="BC" finished-at="2023-04-20T08:55:08 IST" duration-ms="802" status="PASS">
          <reporter-output>
          </reporter-output>
        </test-method> <!-- BC -->
        <test-method is-config="true" signature="BM()[pri:0, instance:Organization.CreateOraganizationTest@18d87d80]" started-at="2023-04-20T08:55:08 IST" name="BM" finished-at="2023-04-20T08:55:12 IST" duration-ms="3736" status="PASS">
          <reporter-output>
          </reporter-output>
        </test-method> <!-- BM -->
        <test-method signature="createOraganizationTest()[pri:0, instance:Organization.CreateOraganizationTest@18d87d80]" started-at="2023-04-20T08:55:12 IST" name="createOraganizationTest" finished-at="2023-04-20T08:55:23 IST" duration-ms="10972" status="PASS">
          <reporter-output>
          </reporter-output>
        </test-method> <!-- createOraganizationTest -->
        <test-method is-config="true" signature="AM()[pri:0, instance:Organization.CreateOraganizationTest@18d87d80]" started-at="2023-04-20T08:55:23 IST" name="AM" finished-at="2023-04-20T08:55:25 IST" duration-ms="1857" status="PASS">
          <reporter-output>
          </reporter-output>
        </test-method> <!-- AM -->
        <test-method is-config="true" signature="AC()[pri:0, instance:Organization.CreateOraganizationTest@18d87d80]" started-at="2023-04-20T08:55:25 IST" name="AC" finished-at="2023-04-20T08:55:25 IST" duration-ms="0" status="PASS">
          <reporter-output>
          </reporter-output>
        </test-method> <!-- AC -->
      </class> <!-- Organization.CreateOraganizationTest -->
      <class name="Product.CreateProductTest">
        <test-method is-config="true" signature="BC()[pri:0, instance:Product.CreateProductTest@618425b5]" started-at="2023-04-20T08:55:25 IST" name="BC" finished-at="2023-04-20T08:55:26 IST" duration-ms="743" status="PASS">
          <reporter-output>
          </reporter-output>
        </test-method> <!-- BC -->
        <test-method is-config="true" signature="BM()[pri:0, instance:Product.CreateProductTest@618425b5]" started-at="2023-04-20T08:55:26 IST" name="BM" finished-at="2023-04-20T08:55:29 IST" duration-ms="3861" status="PASS">
          <reporter-output>
          </reporter-output>
        </test-method> <!-- BM -->
        <test-method signature="CreateProductTest()[pri:0, instance:Product.CreateProductTest@618425b5]" started-at="2023-04-20T08:55:29 IST" name="CreateProductTest" finished-at="2023-04-20T08:55:36 IST" duration-ms="6492" status="PASS">
          <reporter-output>
          </reporter-output>
        </test-method> <!-- CreateProductTest -->
        <test-method is-config="true" signature="AM()[pri:0, instance:Product.CreateProductTest@618425b5]" started-at="2023-04-20T08:55:36 IST" name="AM" finished-at="2023-04-20T08:55:37 IST" duration-ms="1432" status="PASS">
          <reporter-output>
          </reporter-output>
        </test-method> <!-- AM -->
        <test-method is-config="true" signature="AC()[pri:0, instance:Product.CreateProductTest@618425b5]" started-at="2023-04-20T08:55:37 IST" name="AC" finished-at="2023-04-20T08:55:37 IST" duration-ms="2" status="PASS">
          <reporter-output>
          </reporter-output>
        </test-method> <!-- AC -->
      </class> <!-- Product.CreateProductTest -->
      <class name="Campaigns.CreateCampaignTest">
        <test-method is-config="true" signature="BS()[pri:0, instance:Campaigns.CreateCampaignTest@1a18644]" started-at="2023-04-20T08:54:50 IST" name="BS" finished-at="2023-04-20T08:54:50 IST" duration-ms="13" status="PASS">
          <reporter-output>
          </reporter-output>
        </test-method> <!-- BS -->
        <test-method is-config="true" signature="BT()[pri:0, instance:Campaigns.CreateCampaignTest@1a18644]" started-at="2023-04-20T08:54:50 IST" name="BT" finished-at="2023-04-20T08:54:50 IST" duration-ms="0" status="PASS">
          <reporter-output>
          </reporter-output>
        </test-method> <!-- BT -->
        <test-method is-config="true" signature="BC()[pri:0, instance:Campaigns.CreateCampaignTest@1a18644]" started-at="2023-04-20T08:54:50 IST" name="BC" finished-at="2023-04-20T08:54:52 IST" duration-ms="2202" status="PASS">
          <reporter-output>
          </reporter-output>
        </test-method> <!-- BC -->
        <test-method is-config="true" signature="BM()[pri:0, instance:Campaigns.CreateCampaignTest@1a18644]" started-at="2023-04-20T08:54:52 IST" name="BM" finished-at="2023-04-20T08:54:56 IST" duration-ms="4011" status="PASS">
          <reporter-output>
          </reporter-output>
        </test-method> <!-- BM -->
        <test-method signature="CreateCampaignTest()[pri:0, instance:Campaigns.CreateCampaignTest@1a18644]" started-at="2023-04-20T08:54:56 IST" name="CreateCampaignTest" finished-at="2023-04-20T08:55:06 IST" duration-ms="10058" status="PASS">
          <reporter-output>
          </reporter-output>
        </test-method> <!-- CreateCampaignTest -->
        <test-method is-config="true" signature="AM()[pri:0, instance:Campaigns.CreateCampaignTest@1a18644]" started-at="2023-04-20T08:55:06 IST" name="AM" finished-at="2023-04-20T08:55:07 IST" duration-ms="1497" status="PASS">
          <reporter-output>
          </reporter-output>
        </test-method> <!-- AM -->
        <test-method is-config="true" signature="AC()[pri:0, instance:Campaigns.CreateCampaignTest@1a18644]" started-at="2023-04-20T08:55:07 IST" name="AC" finished-at="2023-04-20T08:55:07 IST" duration-ms="1" status="PASS">
          <reporter-output>
          </reporter-output>
        </test-method> <!-- AC -->
        <test-method is-config="true" signature="AT()[pri:0, instance:Campaigns.CreateCampaignTest@1a18644]" started-at="2023-04-20T08:55:37 IST" name="AT" finished-at="2023-04-20T08:55:37 IST" duration-ms="0" status="PASS">
          <reporter-output>
          </reporter-output>
        </test-method> <!-- AT -->
        <test-method is-config="true" signature="AS()[pri:0, instance:Campaigns.CreateCampaignTest@1a18644]" started-at="2023-04-20T08:55:37 IST" name="AS" finished-at="2023-04-20T08:55:37 IST" duration-ms="0" status="PASS">
          <reporter-output>
          </reporter-output>
        </test-method> <!-- AS -->
      </class> <!-- Campaigns.CreateCampaignTest -->
    </test> <!-- Test -->
  </suite> <!-- Suite -->
</testng-results>
